<?xml version="1.0" encoding="UTF-8"?>
<!-- Generated by org.testng.reporters.JUnitReportReporter -->
<testsuite hostname="TYC721139" failures="0" tests="1" name="VtigerRunners.Runner" time="38.156" errors="0" timestamp="2022-07-25T13:08:39 IST" skipped="0">
  <testcase classname="VtigerRunners.Runner" name="runScenario" time="38.156"/>
  <system-out/>
</testsuite> <!-- VtigerRunners.Runner -->
